actionid: tox
msg: packaging
cmdargs: ['/usr/bin/python', local('/home/julian/so-exam3/setup.py'), 'sdist', '--formats=zip', '--dist-dir', local('/home/julian/so-exam3/.tox/dist')]

running sdist
running egg_info
writing requirements to op_stats.egg-info/requires.txt
writing op_stats.egg-info/PKG-INFO
writing top-level names to op_stats.egg-info/top_level.txt
writing dependency_links to op_stats.egg-info/dependency_links.txt
reading manifest file 'op_stats.egg-info/SOURCES.txt'
writing manifest file 'op_stats.egg-info/SOURCES.txt'
running check
warning: check: missing required meta-data: url

warning: check: missing meta-data: either (author and author_email) or (maintainer and maintainer_email) must be supplied

creating op_stats-0.1.0
creating op_stats-0.1.0/op_stats
creating op_stats-0.1.0/op_stats.egg-info
copying files to op_stats-0.1.0...
copying README.md -> op_stats-0.1.0
copying setup.py -> op_stats-0.1.0
copying op_stats/__init__.py -> op_stats-0.1.0/op_stats
copying op_stats/app.py -> op_stats-0.1.0/op_stats
copying op_stats/stats.py -> op_stats-0.1.0/op_stats
copying op_stats.egg-info/PKG-INFO -> op_stats-0.1.0/op_stats.egg-info
copying op_stats.egg-info/SOURCES.txt -> op_stats-0.1.0/op_stats.egg-info
copying op_stats.egg-info/dependency_links.txt -> op_stats-0.1.0/op_stats.egg-info
copying op_stats.egg-info/requires.txt -> op_stats-0.1.0/op_stats.egg-info
copying op_stats.egg-info/top_level.txt -> op_stats-0.1.0/op_stats.egg-info
Writing op_stats-0.1.0/setup.cfg
creating '.tox/dist/op_stats-0.1.0.zip' and adding 'op_stats-0.1.0' to it
adding 'op_stats-0.1.0/README.md'
adding 'op_stats-0.1.0/setup.py'
adding 'op_stats-0.1.0/PKG-INFO'
adding 'op_stats-0.1.0/setup.cfg'
adding 'op_stats-0.1.0/op_stats/__init__.py'
adding 'op_stats-0.1.0/op_stats/app.py'
adding 'op_stats-0.1.0/op_stats/stats.py'
adding 'op_stats-0.1.0/op_stats.egg-info/PKG-INFO'
adding 'op_stats-0.1.0/op_stats.egg-info/SOURCES.txt'
adding 'op_stats-0.1.0/op_stats.egg-info/dependency_links.txt'
adding 'op_stats-0.1.0/op_stats.egg-info/requires.txt'
adding 'op_stats-0.1.0/op_stats.egg-info/top_level.txt'
removing 'op_stats-0.1.0' (and everything under it)
